1762899574.345310 client started (24672): version 3.5a, socket /private/tmp/tmux-501/default, protocol 8
1762899574.345573 on Darwin 25.0.0 Darwin Kernel Version 25.0.0: Wed Sep 17 21:41:39 PDT 2025; root:xnu-12377.1.9~141/RELEASE_ARM64_T8103
1762899574.345586 using libevent 2.1.12-stable select
1762899574.345597 using utf8proc 2.11.0
1762899574.345606 using ncurses 6.5 20240427
1762899574.345625 flags are 0x10010000
1762899574.345633 socket is /private/tmp/tmux-501/default
1762899574.345645 trying connect
1762899574.345694 add peer 0x9d881c000: 6 (0x0)
1762899574.348124 sending message 111 to peer 0x9d881c000 (8 bytes)
1762899574.348137 sending message 111 to peer 0x9d881c000 (8 bytes)
1762899574.348146 sending message 101 to peer 0x9d881c000 (15 bytes)
1762899574.348153 sending message 109 to peer 0x9d881c000 (4 bytes)
1762899574.348161 sending message 102 to peer 0x9d881c000 (13 bytes)
1762899574.348168 sending message 108 to peer 0x9d881c000 (33 bytes)
1762899574.348175 sending message 112 to peer 0x9d881c000 (58 bytes)
1762899574.348183 sending message 112 to peer 0x9d881c000 (5 bytes)
1762899574.348190 sending message 112 to peer 0x9d881c000 (5 bytes)
1762899574.348200 sending message 112 to peer 0x9d881c000 (6 bytes)
1762899574.348209 sending message 112 to peer 0x9d881c000 (6 bytes)
1762899574.348216 sending message 112 to peer 0x9d881c000 (11 bytes)
1762899574.348223 sending message 112 to peer 0x9d881c000 (10 bytes)
1762899574.348230 sending message 112 to peer 0x9d881c000 (13 bytes)
1762899574.348237 sending message 112 to peer 0x9d881c000 (14 bytes)
1762899574.348244 sending message 112 to peer 0x9d881c000 (19 bytes)
1762899574.348251 sending message 112 to peer 0x9d881c000 (11 bytes)
1762899574.348258 sending message 112 to peer 0x9d881c000 (10 bytes)
1762899574.348265 sending message 112 to peer 0x9d881c000 (15 bytes)
1762899574.348272 sending message 112 to peer 0x9d881c000 (21 bytes)
1762899574.348280 sending message 112 to peer 0x9d881c000 (13 bytes)
1762899574.348286 sending message 112 to peer 0x9d881c000 (7 bytes)
1762899574.348299 sending message 112 to peer 0x9d881c000 (13 bytes)
1762899574.348306 sending message 112 to peer 0x9d881c000 (7 bytes)
1762899574.348315 sending message 112 to peer 0x9d881c000 (13 bytes)
1762899574.348323 sending message 112 to peer 0x9d881c000 (9 bytes)
1762899574.348330 sending message 112 to peer 0x9d881c000 (21 bytes)
1762899574.348337 sending message 112 to peer 0x9d881c000 (13 bytes)
1762899574.348344 sending message 112 to peer 0x9d881c000 (9 bytes)
1762899574.348351 sending message 112 to peer 0x9d881c000 (16 bytes)
1762899574.348358 sending message 112 to peer 0x9d881c000 (13 bytes)
1762899574.348365 sending message 112 to peer 0x9d881c000 (9 bytes)
1762899574.348372 sending message 112 to peer 0x9d881c000 (9 bytes)
1762899574.348379 sending message 112 to peer 0x9d881c000 (12 bytes)
1762899574.348386 sending message 112 to peer 0x9d881c000 (8 bytes)
1762899574.348400 sending message 112 to peer 0x9d881c000 (8 bytes)
1762899574.348407 sending message 112 to peer 0x9d881c000 (13 bytes)
1762899574.348414 sending message 112 to peer 0x9d881c000 (7 bytes)
1762899574.348421 sending message 112 to peer 0x9d881c000 (7 bytes)
1762899574.348435 sending message 112 to peer 0x9d881c000 (9 bytes)
1762899574.348442 sending message 112 to peer 0x9d881c000 (9 bytes)
1762899574.348449 sending message 112 to peer 0x9d881c000 (15 bytes)
1762899574.348456 sending message 112 to peer 0x9d881c000 (13 bytes)
1762899574.348463 sending message 112 to peer 0x9d881c000 (12 bytes)
1762899574.348470 sending message 112 to peer 0x9d881c000 (8 bytes)
1762899574.348477 sending message 112 to peer 0x9d881c000 (14 bytes)
1762899574.348484 sending message 112 to peer 0x9d881c000 (11 bytes)
1762899574.348491 sending message 112 to peer 0x9d881c000 (9 bytes)
1762899574.348497 sending message 112 to peer 0x9d881c000 (10 bytes)
1762899574.348504 sending message 112 to peer 0x9d881c000 (10 bytes)
1762899574.348511 sending message 112 to peer 0x9d881c000 (10 bytes)
1762899574.348518 sending message 112 to peer 0x9d881c000 (10 bytes)
1762899574.348547 sending message 112 to peer 0x9d881c000 (11 bytes)
1762899574.348553 sending message 112 to peer 0x9d881c000 (12 bytes)
1762899574.348558 sending message 112 to peer 0x9d881c000 (12 bytes)
1762899574.348564 sending message 112 to peer 0x9d881c000 (12 bytes)
1762899574.348569 sending message 112 to peer 0x9d881c000 (12 bytes)
1762899574.348575 sending message 112 to peer 0x9d881c000 (12 bytes)
1762899574.348580 sending message 112 to peer 0x9d881c000 (11 bytes)
1762899574.348585 sending message 112 to peer 0x9d881c000 (11 bytes)
1762899574.348591 sending message 112 to peer 0x9d881c000 (12 bytes)
1762899574.348596 sending message 112 to peer 0x9d881c000 (12 bytes)
1762899574.348604 sending message 112 to peer 0x9d881c000 (12 bytes)
1762899574.348610 sending message 112 to peer 0x9d881c000 (12 bytes)
1762899574.348615 sending message 112 to peer 0x9d881c000 (12 bytes)
1762899574.348621 sending message 112 to peer 0x9d881c000 (9 bytes)
1762899574.348626 sending message 112 to peer 0x9d881c000 (12 bytes)
1762899574.348631 sending message 112 to peer 0x9d881c000 (13 bytes)
1762899574.348636 sending message 112 to peer 0x9d881c000 (13 bytes)
1762899574.348642 sending message 112 to peer 0x9d881c000 (13 bytes)
1762899574.348647 sending message 112 to peer 0x9d881c000 (13 bytes)
1762899574.348652 sending message 112 to peer 0x9d881c000 (13 bytes)
1762899574.348657 sending message 112 to peer 0x9d881c000 (8 bytes)
1762899574.348662 sending message 112 to peer 0x9d881c000 (11 bytes)
1762899574.348668 sending message 112 to peer 0x9d881c000 (11 bytes)
1762899574.348673 sending message 112 to peer 0x9d881c000 (11 bytes)
1762899574.348678 sending message 112 to peer 0x9d881c000 (12 bytes)
1762899574.348683 sending message 112 to peer 0x9d881c000 (12 bytes)
1762899574.348688 sending message 112 to peer 0x9d881c000 (12 bytes)
1762899574.348694 sending message 112 to peer 0x9d881c000 (12 bytes)
1762899574.348699 sending message 112 to peer 0x9d881c000 (13 bytes)
1762899574.348704 sending message 112 to peer 0x9d881c000 (13 bytes)
1762899574.348709 sending message 112 to peer 0x9d881c000 (13 bytes)
1762899574.348714 sending message 112 to peer 0x9d881c000 (8 bytes)
1762899574.348720 sending message 112 to peer 0x9d881c000 (13 bytes)
1762899574.348725 sending message 112 to peer 0x9d881c000 (13 bytes)
1762899574.348730 sending message 112 to peer 0x9d881c000 (13 bytes)
1762899574.348735 sending message 112 to peer 0x9d881c000 (13 bytes)
1762899574.348740 sending message 112 to peer 0x9d881c000 (13 bytes)
1762899574.348746 sending message 112 to peer 0x9d881c000 (12 bytes)
1762899574.348751 sending message 112 to peer 0x9d881c000 (12 bytes)
1762899574.348756 sending message 112 to peer 0x9d881c000 (12 bytes)
1762899574.348761 sending message 112 to peer 0x9d881c000 (12 bytes)
1762899574.348766 sending message 112 to peer 0x9d881c000 (13 bytes)
1762899574.348772 sending message 112 to peer 0x9d881c000 (8 bytes)
1762899574.348777 sending message 112 to peer 0x9d881c000 (13 bytes)
1762899574.348782 sending message 112 to peer 0x9d881c000 (13 bytes)
1762899574.348787 sending message 112 to peer 0x9d881c000 (13 bytes)
1762899574.348792 sending message 112 to peer 0x9d881c000 (13 bytes)
1762899574.348797 sending message 112 to peer 0x9d881c000 (13 bytes)
1762899574.348803 sending message 112 to peer 0x9d881c000 (13 bytes)
1762899574.348808 sending message 112 to peer 0x9d881c000 (13 bytes)
1762899574.348813 sending message 112 to peer 0x9d881c000 (12 bytes)
1762899574.348818 sending message 112 to peer 0x9d881c000 (12 bytes)
1762899574.348823 sending message 112 to peer 0x9d881c000 (12 bytes)
1762899574.348828 sending message 112 to peer 0x9d881c000 (8 bytes)
1762899574.348834 sending message 112 to peer 0x9d881c000 (12 bytes)
1762899574.348839 sending message 112 to peer 0x9d881c000 (13 bytes)
1762899574.348844 sending message 112 to peer 0x9d881c000 (13 bytes)
1762899574.348849 sending message 112 to peer 0x9d881c000 (13 bytes)
1762899574.348854 sending message 112 to peer 0x9d881c000 (13 bytes)
1762899574.348868 sending message 112 to peer 0x9d881c000 (13 bytes)
1762899574.348873 sending message 112 to peer 0x9d881c000 (13 bytes)
1762899574.348879 sending message 112 to peer 0x9d881c000 (13 bytes)
1762899574.348884 sending message 112 to peer 0x9d881c000 (13 bytes)
1762899574.348890 sending message 112 to peer 0x9d881c000 (12 bytes)
1762899574.348895 sending message 112 to peer 0x9d881c000 (10 bytes)
1762899574.348900 sending message 112 to peer 0x9d881c000 (12 bytes)
1762899574.348906 sending message 112 to peer 0x9d881c000 (12 bytes)
1762899574.348911 sending message 112 to peer 0x9d881c000 (12 bytes)
1762899574.348916 sending message 112 to peer 0x9d881c000 (13 bytes)
1762899574.348921 sending message 112 to peer 0x9d881c000 (13 bytes)
1762899574.348927 sending message 112 to peer 0x9d881c000 (13 bytes)
1762899574.348932 sending message 112 to peer 0x9d881c000 (13 bytes)
1762899574.348937 sending message 112 to peer 0x9d881c000 (13 bytes)
1762899574.348942 sending message 112 to peer 0x9d881c000 (13 bytes)
1762899574.348947 sending message 112 to peer 0x9d881c000 (13 bytes)
1762899574.348952 sending message 112 to peer 0x9d881c000 (10 bytes)
1762899574.348958 sending message 112 to peer 0x9d881c000 (13 bytes)
1762899574.348963 sending message 112 to peer 0x9d881c000 (12 bytes)
1762899574.348968 sending message 112 to peer 0x9d881c000 (12 bytes)
1762899574.348973 sending message 112 to peer 0x9d881c000 (12 bytes)
1762899574.348978 sending message 112 to peer 0x9d881c000 (10 bytes)
1762899574.348983 sending message 112 to peer 0x9d881c000 (10 bytes)
1762899574.348988 sending message 112 to peer 0x9d881c000 (10 bytes)
1762899574.348993 sending message 112 to peer 0x9d881c000 (12 bytes)
1762899574.348999 sending message 112 to peer 0x9d881c000 (13 bytes)
1762899574.349004 sending message 112 to peer 0x9d881c000 (13 bytes)
1762899574.349009 sending message 112 to peer 0x9d881c000 (13 bytes)
1762899574.349014 sending message 112 to peer 0x9d881c000 (13 bytes)
1762899574.349019 sending message 112 to peer 0x9d881c000 (13 bytes)
1762899574.349025 sending message 112 to peer 0x9d881c000 (10 bytes)
1762899574.349030 sending message 112 to peer 0x9d881c000 (11 bytes)
1762899574.349035 sending message 112 to peer 0x9d881c000 (12 bytes)
1762899574.349040 sending message 112 to peer 0x9d881c000 (12 bytes)
1762899574.349045 sending message 112 to peer 0x9d881c000 (12 bytes)
1762899574.349050 sending message 112 to peer 0x9d881c000 (12 bytes)
1762899574.349056 sending message 112 to peer 0x9d881c000 (12 bytes)
1762899574.349061 sending message 112 to peer 0x9d881c000 (11 bytes)
1762899574.349066 sending message 112 to peer 0x9d881c000 (12 bytes)
1762899574.349071 sending message 112 to peer 0x9d881c000 (12 bytes)
1762899574.349076 sending message 112 to peer 0x9d881c000 (13 bytes)
1762899574.349082 sending message 112 to peer 0x9d881c000 (13 bytes)
1762899574.349087 sending message 112 to peer 0x9d881c000 (13 bytes)
1762899574.349092 sending message 112 to peer 0x9d881c000 (13 bytes)
1762899574.349097 sending message 112 to peer 0x9d881c000 (13 bytes)
1762899574.349102 sending message 112 to peer 0x9d881c000 (10 bytes)
1762899574.349108 sending message 112 to peer 0x9d881c000 (9 bytes)
1762899574.349123 sending message 112 to peer 0x9d881c000 (12 bytes)
1762899574.349128 sending message 112 to peer 0x9d881c000 (13 bytes)
1762899574.349134 sending message 112 to peer 0x9d881c000 (13 bytes)
1762899574.349139 sending message 112 to peer 0x9d881c000 (13 bytes)
1762899574.349144 sending message 112 to peer 0x9d881c000 (13 bytes)
1762899574.349149 sending message 112 to peer 0x9d881c000 (13 bytes)
1762899574.349155 sending message 112 to peer 0x9d881c000 (9 bytes)
1762899574.349160 sending message 112 to peer 0x9d881c000 (12 bytes)
1762899574.349165 sending message 112 to peer 0x9d881c000 (13 bytes)
1762899574.349170 sending message 112 to peer 0x9d881c000 (13 bytes)
1762899574.349175 sending message 112 to peer 0x9d881c000 (13 bytes)
1762899574.349180 sending message 112 to peer 0x9d881c000 (13 bytes)
1762899574.349186 sending message 112 to peer 0x9d881c000 (13 bytes)
1762899574.349197 sending message 112 to peer 0x9d881c000 (11 bytes)
1762899574.349202 sending message 112 to peer 0x9d881c000 (12 bytes)
1762899574.349208 sending message 112 to peer 0x9d881c000 (13 bytes)
1762899574.349213 sending message 112 to peer 0x9d881c000 (13 bytes)
1762899574.349218 sending message 112 to peer 0x9d881c000 (13 bytes)
1762899574.349223 sending message 112 to peer 0x9d881c000 (13 bytes)
1762899574.349229 sending message 112 to peer 0x9d881c000 (13 bytes)
1762899574.349234 sending message 112 to peer 0x9d881c000 (11 bytes)
1762899574.349239 sending message 112 to peer 0x9d881c000 (12 bytes)
1762899574.349244 sending message 112 to peer 0x9d881c000 (12 bytes)
1762899574.349249 sending message 112 to peer 0x9d881c000 (12 bytes)
1762899574.349255 sending message 112 to peer 0x9d881c000 (12 bytes)
1762899574.349260 sending message 112 to peer 0x9d881c000 (12 bytes)
1762899574.349265 sending message 112 to peer 0x9d881c000 (21 bytes)
1762899574.349270 sending message 112 to peer 0x9d881c000 (12 bytes)
1762899574.349276 sending message 112 to peer 0x9d881c000 (9 bytes)
1762899574.349281 sending message 112 to peer 0x9d881c000 (6 bytes)
1762899574.349286 sending message 112 to peer 0x9d881c000 (13 bytes)
1762899574.349291 sending message 112 to peer 0x9d881c000 (10 bytes)
1762899574.349296 sending message 112 to peer 0x9d881c000 (24 bytes)
1762899574.349302 sending message 112 to peer 0x9d881c000 (13 bytes)
1762899574.349307 sending message 112 to peer 0x9d881c000 (9 bytes)
1762899574.349312 sending message 112 to peer 0x9d881c000 (70 bytes)
1762899574.349318 sending message 112 to peer 0x9d881c000 (69 bytes)
1762899574.349323 sending message 112 to peer 0x9d881c000 (12 bytes)
1762899574.349328 sending message 112 to peer 0x9d881c000 (10 bytes)
1762899574.349333 sending message 112 to peer 0x9d881c000 (10 bytes)
1762899574.349338 sending message 112 to peer 0x9d881c000 (24 bytes)
1762899574.349344 sending message 112 to peer 0x9d881c000 (13 bytes)
1762899574.349349 sending message 112 to peer 0x9d881c000 (10 bytes)
1762899574.349354 sending message 112 to peer 0x9d881c000 (10 bytes)
1762899574.349359 sending message 112 to peer 0x9d881c000 (10 bytes)
1762899574.349365 sending message 112 to peer 0x9d881c000 (13 bytes)
1762899574.349370 sending message 112 to peer 0x9d881c000 (15 bytes)
1762899574.349375 sending message 112 to peer 0x9d881c000 (5 bytes)
1762899574.349387 sending message 104 to peer 0x9d881c000 (0 bytes)
1762899574.349393 sending message 110 to peer 0x9d881c000 (0 bytes)
1762899574.349399 sending message 107 to peer 0x9d881c000 (4 bytes)
1762899574.349404 sending message 105 to peer 0x9d881c000 (23 bytes)
1762899574.349410 sending message 105 to peer 0x9d881c000 (20 bytes)
1762899574.349415 sending message 105 to peer 0x9d881c000 (22 bytes)
1762899574.349428 sending message 105 to peer 0x9d881c000 (28 bytes)
1762899574.349434 sending message 105 to peer 0x9d881c000 (66 bytes)
1762899574.349443 sending message 105 to peer 0x9d881c000 (64 bytes)
1762899574.349448 sending message 105 to peer 0x9d881c000 (73 bytes)
1762899574.349453 sending message 105 to peer 0x9d881c000 (65 bytes)
1762899574.349459 sending message 105 to peer 0x9d881c000 (66 bytes)
1762899574.349464 sending message 105 to peer 0x9d881c000 (590 bytes)
1762899574.349470 sending message 105 to peer 0x9d881c000 (46 bytes)
1762899574.349475 sending message 105 to peer 0x9d881c000 (20 bytes)
1762899574.349481 sending message 105 to peer 0x9d881c000 (29 bytes)
1762899574.349486 sending message 105 to peer 0x9d881c000 (37 bytes)
1762899574.349491 sending message 105 to peer 0x9d881c000 (30 bytes)
1762899574.349497 sending message 105 to peer 0x9d881c000 (34 bytes)
1762899574.349502 sending message 105 to peer 0x9d881c000 (35 bytes)
1762899574.349507 sending message 105 to peer 0x9d881c000 (72 bytes)
1762899574.349513 sending message 105 to peer 0x9d881c000 (16 bytes)
1762899574.349518 sending message 105 to peer 0x9d881c000 (60 bytes)
1762899574.349523 sending message 105 to peer 0x9d881c000 (18 bytes)
1762899574.349540 sending message 105 to peer 0x9d881c000 (17 bytes)
1762899574.349546 sending message 105 to peer 0x9d881c000 (27 bytes)
1762899574.349551 sending message 105 to peer 0x9d881c000 (31 bytes)
1762899574.349557 sending message 105 to peer 0x9d881c000 (25 bytes)
1762899574.349562 sending message 105 to peer 0x9d881c000 (54 bytes)
1762899574.349567 sending message 105 to peer 0x9d881c000 (164 bytes)
1762899574.349573 sending message 105 to peer 0x9d881c000 (40 bytes)
1762899574.349578 sending message 105 to peer 0x9d881c000 (18 bytes)
1762899574.349584 sending message 105 to peer 0x9d881c000 (982 bytes)
1762899574.349589 sending message 105 to peer 0x9d881c000 (37 bytes)
1762899574.349595 sending message 105 to peer 0x9d881c000 (20 bytes)
1762899574.349600 sending message 105 to peer 0x9d881c000 (24 bytes)
1762899574.349606 sending message 105 to peer 0x9d881c000 (15 bytes)
1762899574.349611 sending message 105 to peer 0x9d881c000 (8 bytes)
1762899574.349616 sending message 105 to peer 0x9d881c000 (66 bytes)
1762899574.349622 sending message 105 to peer 0x9d881c000 (38 bytes)
1762899574.349627 sending message 105 to peer 0x9d881c000 (19 bytes)
1762899574.349632 sending message 105 to peer 0x9d881c000 (20 bytes)
1762899574.349638 sending message 105 to peer 0x9d881c000 (67 bytes)
1762899574.349643 sending message 105 to peer 0x9d881c000 (18 bytes)
1762899574.349649 sending message 105 to peer 0x9d881c000 (26 bytes)
1762899574.349654 sending message 105 to peer 0x9d881c000 (57 bytes)
1762899574.349659 sending message 105 to peer 0x9d881c000 (43 bytes)
1762899574.349665 sending message 105 to peer 0x9d881c000 (13 bytes)
1762899574.349670 sending message 105 to peer 0x9d881c000 (42 bytes)
1762899574.349676 sending message 105 to peer 0x9d881c000 (22 bytes)
1762899574.349681 sending message 105 to peer 0x9d881c000 (15 bytes)
1762899574.349687 sending message 105 to peer 0x9d881c000 (14 bytes)
1762899574.349692 sending message 105 to peer 0x9d881c000 (19 bytes)
1762899574.349697 sending message 105 to peer 0x9d881c000 (42 bytes)
1762899574.349703 sending message 105 to peer 0x9d881c000 (38 bytes)
1762899574.349708 sending message 105 to peer 0x9d881c000 (61 bytes)
1762899574.349713 sending message 105 to peer 0x9d881c000 (25 bytes)
1762899574.349719 sending message 106 to peer 0x9d881c000 (0 bytes)
1762899574.349820 sending message 200 to peer 0x9d881c000 (4 bytes)
1762899574.349828 client loop enter
1762899574.350110 peer 0x9d881c000 message 303
1762899574.350120 open write file 2 -
1762899574.350133 sending message 305 to peer 0x9d881c000 (8 bytes)
1762899574.350150 write check file 2
1762899574.350183 peer 0x9d881c000 message 304
1762899574.350189 write 58 to file 2
1762899574.350195 peer 0x9d881c000 message 203
1762899574.350201 file 2 58 bytes left
1762899574.350217 write check file 2
1762899574.350222 client loop exit
