1752961193.898299 client started (75064): version 3.5a, socket /tmp/tmux-1000/default, protocol 8
1752961193.898347 on Linux 6.15.6-arch1-1 #1 SMP PREEMPT_DYNAMIC Thu, 10 Jul 2025 17:10:18 +0000
1752961193.898355 using libevent 2.1.12-stable poll
1752961193.898361 using ncurses 6.5 20240427
1752961193.898390 flags are 0x10010000
1752961193.898425 socket is /tmp/tmux-1000/default
1752961193.898440 trying connect
1752961193.898564 add peer 0x56208464e700: 6 ((nil))
1752961193.899067 sending message 111 to peer 0x56208464e700 (8 bytes)
1752961193.899078 sending message 111 to peer 0x56208464e700 (8 bytes)
1752961193.899085 sending message 101 to peer 0x56208464e700 (16 bytes)
1752961193.899091 sending message 109 to peer 0x56208464e700 (4 bytes)
1752961193.899096 sending message 102 to peer 0x56208464e700 (11 bytes)
1752961193.899102 sending message 108 to peer 0x56208464e700 (19 bytes)
1752961193.899107 sending message 112 to peer 0x56208464e700 (70 bytes)
1752961193.899112 sending message 112 to peer 0x56208464e700 (5 bytes)
1752961193.899117 sending message 112 to peer 0x56208464e700 (5 bytes)
1752961193.899121 sending message 112 to peer 0x56208464e700 (6 bytes)
1752961193.899126 sending message 112 to peer 0x56208464e700 (6 bytes)
1752961193.899130 sending message 112 to peer 0x56208464e700 (11 bytes)
1752961193.899135 sending message 112 to peer 0x56208464e700 (10 bytes)
1752961193.899140 sending message 112 to peer 0x56208464e700 (13 bytes)
1752961193.899145 sending message 112 to peer 0x56208464e700 (13 bytes)
1752961193.899149 sending message 112 to peer 0x56208464e700 (18 bytes)
1752961193.899155 sending message 112 to peer 0x56208464e700 (11 bytes)
1752961193.899159 sending message 112 to peer 0x56208464e700 (21 bytes)
1752961193.899164 sending message 112 to peer 0x56208464e700 (13 bytes)
1752961193.899169 sending message 112 to peer 0x56208464e700 (7 bytes)
1752961193.899174 sending message 112 to peer 0x56208464e700 (13 bytes)
1752961193.899178 sending message 112 to peer 0x56208464e700 (7 bytes)
1752961193.899183 sending message 112 to peer 0x56208464e700 (13 bytes)
1752961193.899188 sending message 112 to peer 0x56208464e700 (9 bytes)
1752961193.899192 sending message 112 to peer 0x56208464e700 (21 bytes)
1752961193.899197 sending message 112 to peer 0x56208464e700 (13 bytes)
1752961193.899202 sending message 112 to peer 0x56208464e700 (8 bytes)
1752961193.899206 sending message 112 to peer 0x56208464e700 (12 bytes)
1752961193.899211 sending message 112 to peer 0x56208464e700 (13 bytes)
1752961193.899215 sending message 112 to peer 0x56208464e700 (9 bytes)
1752961193.899220 sending message 112 to peer 0x56208464e700 (9 bytes)
1752961193.899224 sending message 112 to peer 0x56208464e700 (12 bytes)
1752961193.899229 sending message 112 to peer 0x56208464e700 (8 bytes)
1752961193.899234 sending message 112 to peer 0x56208464e700 (7 bytes)
1752961193.899238 sending message 112 to peer 0x56208464e700 (7 bytes)
1752961193.899243 sending message 112 to peer 0x56208464e700 (9 bytes)
1752961193.899247 sending message 112 to peer 0x56208464e700 (13 bytes)
1752961193.899252 sending message 112 to peer 0x56208464e700 (9 bytes)
1752961193.899256 sending message 112 to peer 0x56208464e700 (15 bytes)
1752961193.899261 sending message 112 to peer 0x56208464e700 (13 bytes)
1752961193.899265 sending message 112 to peer 0x56208464e700 (12 bytes)
1752961193.899270 sending message 112 to peer 0x56208464e700 (8 bytes)
1752961193.899274 sending message 112 to peer 0x56208464e700 (14 bytes)
1752961193.899279 sending message 112 to peer 0x56208464e700 (9 bytes)
1752961193.899283 sending message 112 to peer 0x56208464e700 (10 bytes)
1752961193.899287 sending message 112 to peer 0x56208464e700 (10 bytes)
1752961193.899292 sending message 112 to peer 0x56208464e700 (10 bytes)
1752961193.899297 sending message 112 to peer 0x56208464e700 (10 bytes)
1752961193.899301 sending message 112 to peer 0x56208464e700 (11 bytes)
1752961193.899307 sending message 112 to peer 0x56208464e700 (10 bytes)
1752961193.899312 sending message 112 to peer 0x56208464e700 (8 bytes)
1752961193.899328 sending message 112 to peer 0x56208464e700 (11 bytes)
1752961193.899333 sending message 112 to peer 0x56208464e700 (11 bytes)
1752961193.899338 sending message 112 to peer 0x56208464e700 (11 bytes)
1752961193.899343 sending message 112 to peer 0x56208464e700 (8 bytes)
1752961193.899348 sending message 112 to peer 0x56208464e700 (8 bytes)
1752961193.899353 sending message 112 to peer 0x56208464e700 (8 bytes)
1752961193.899358 sending message 112 to peer 0x56208464e700 (10 bytes)
1752961193.899363 sending message 112 to peer 0x56208464e700 (10 bytes)
1752961193.899367 sending message 112 to peer 0x56208464e700 (10 bytes)
1752961193.899372 sending message 112 to peer 0x56208464e700 (10 bytes)
1752961193.899377 sending message 112 to peer 0x56208464e700 (10 bytes)
1752961193.899381 sending message 112 to peer 0x56208464e700 (11 bytes)
1752961193.899386 sending message 112 to peer 0x56208464e700 (11 bytes)
1752961193.899388 sending message 112 to peer 0x56208464e700 (10 bytes)
1752961193.899389 sending message 112 to peer 0x56208464e700 (9 bytes)
1752961193.899389 sending message 112 to peer 0x56208464e700 (9 bytes)
1752961193.899390 sending message 112 to peer 0x56208464e700 (12 bytes)
1752961193.899391 sending message 112 to peer 0x56208464e700 (9 bytes)
1752961193.899392 sending message 112 to peer 0x56208464e700 (6 bytes)
1752961193.899393 sending message 112 to peer 0x56208464e700 (13 bytes)
1752961193.899394 sending message 112 to peer 0x56208464e700 (8 bytes)
1752961193.899395 sending message 112 to peer 0x56208464e700 (15 bytes)
1752961193.899396 sending message 112 to peer 0x56208464e700 (13 bytes)
1752961193.899396 sending message 112 to peer 0x56208464e700 (70 bytes)
1752961193.899397 sending message 112 to peer 0x56208464e700 (69 bytes)
1752961193.899398 sending message 112 to peer 0x56208464e700 (10 bytes)
1752961193.899401 sending message 112 to peer 0x56208464e700 (8 bytes)
1752961193.899403 sending message 112 to peer 0x56208464e700 (15 bytes)
1752961193.899404 sending message 112 to peer 0x56208464e700 (13 bytes)
1752961193.899405 sending message 112 to peer 0x56208464e700 (10 bytes)
1752961193.899406 sending message 112 to peer 0x56208464e700 (10 bytes)
1752961193.899407 sending message 112 to peer 0x56208464e700 (5 bytes)
1752961193.899408 sending message 112 to peer 0x56208464e700 (15 bytes)
1752961193.899409 sending message 104 to peer 0x56208464e700 (0 bytes)
1752961193.899410 sending message 110 to peer 0x56208464e700 (0 bytes)
1752961193.899411 sending message 107 to peer 0x56208464e700 (4 bytes)
1752961193.899412 sending message 105 to peer 0x56208464e700 (23 bytes)
1752961193.899413 sending message 105 to peer 0x56208464e700 (20 bytes)
1752961193.899413 sending message 105 to peer 0x56208464e700 (20 bytes)
1752961193.899414 sending message 105 to peer 0x56208464e700 (54 bytes)
1752961193.899415 sending message 105 to peer 0x56208464e700 (50 bytes)
1752961193.899416 sending message 105 to peer 0x56208464e700 (61 bytes)
1752961193.899417 sending message 105 to peer 0x56208464e700 (11 bytes)
1752961193.899418 sending message 105 to peer 0x56208464e700 (73 bytes)
1752961193.899419 sending message 105 to peer 0x56208464e700 (65 bytes)
1752961193.899419 sending message 105 to peer 0x56208464e700 (66 bytes)
1752961193.899420 sending message 105 to peer 0x56208464e700 (575 bytes)
1752961193.899421 sending message 105 to peer 0x56208464e700 (23 bytes)
1752961193.899422 sending message 105 to peer 0x56208464e700 (64 bytes)
1752961193.899423 sending message 105 to peer 0x56208464e700 (15 bytes)
1752961193.899424 sending message 105 to peer 0x56208464e700 (19 bytes)
1752961193.899425 sending message 105 to peer 0x56208464e700 (22 bytes)
1752961193.899426 sending message 105 to peer 0x56208464e700 (91 bytes)
1752961193.899427 sending message 105 to peer 0x56208464e700 (47 bytes)
1752961193.899428 sending message 105 to peer 0x56208464e700 (38 bytes)
1752961193.899429 sending message 105 to peer 0x56208464e700 (16 bytes)
1752961193.899430 sending message 105 to peer 0x56208464e700 (60 bytes)
1752961193.899440 sending message 105 to peer 0x56208464e700 (18 bytes)
1752961193.899441 sending message 105 to peer 0x56208464e700 (17 bytes)
1752961193.899442 sending message 105 to peer 0x56208464e700 (25 bytes)
1752961193.899443 sending message 105 to peer 0x56208464e700 (12 bytes)
1752961193.899444 sending message 105 to peer 0x56208464e700 (25 bytes)
1752961193.899445 sending message 105 to peer 0x56208464e700 (77 bytes)
1752961193.899446 sending message 105 to peer 0x56208464e700 (51 bytes)
1752961193.899447 sending message 105 to peer 0x56208464e700 (15 bytes)
1752961193.899448 sending message 105 to peer 0x56208464e700 (21 bytes)
1752961193.899449 sending message 105 to peer 0x56208464e700 (27 bytes)
1752961193.899450 sending message 105 to peer 0x56208464e700 (17 bytes)
1752961193.899451 sending message 105 to peer 0x56208464e700 (252 bytes)
1752961193.899452 sending message 105 to peer 0x56208464e700 (23 bytes)
1752961193.899453 sending message 105 to peer 0x56208464e700 (15 bytes)
1752961193.899454 sending message 105 to peer 0x56208464e700 (8 bytes)
1752961193.899455 sending message 105 to peer 0x56208464e700 (38 bytes)
1752961193.899456 sending message 105 to peer 0x56208464e700 (19 bytes)
1752961193.899457 sending message 105 to peer 0x56208464e700 (21 bytes)
1752961193.899458 sending message 105 to peer 0x56208464e700 (21 bytes)
1752961193.899459 sending message 105 to peer 0x56208464e700 (33 bytes)
1752961193.899460 sending message 105 to peer 0x56208464e700 (18 bytes)
1752961193.899461 sending message 105 to peer 0x56208464e700 (26 bytes)
1752961193.899462 sending message 105 to peer 0x56208464e700 (36 bytes)
1752961193.899462 sending message 105 to peer 0x56208464e700 (13 bytes)
1752961193.899463 sending message 105 to peer 0x56208464e700 (42 bytes)
1752961193.899464 sending message 105 to peer 0x56208464e700 (9 bytes)
1752961193.899465 sending message 105 to peer 0x56208464e700 (26 bytes)
1752961193.899466 sending message 105 to peer 0x56208464e700 (16 bytes)
1752961193.899467 sending message 105 to peer 0x56208464e700 (20 bytes)
1752961193.899468 sending message 105 to peer 0x56208464e700 (29 bytes)
1752961193.899469 sending message 105 to peer 0x56208464e700 (31 bytes)
1752961193.899470 sending message 105 to peer 0x56208464e700 (15 bytes)
1752961193.899471 sending message 105 to peer 0x56208464e700 (23 bytes)
1752961193.899472 sending message 105 to peer 0x56208464e700 (29 bytes)
1752961193.899473 sending message 105 to peer 0x56208464e700 (18 bytes)
1752961193.899474 sending message 105 to peer 0x56208464e700 (25 bytes)
1752961193.899475 sending message 105 to peer 0x56208464e700 (11 bytes)
1752961193.899476 sending message 105 to peer 0x56208464e700 (13 bytes)
1752961193.899477 sending message 105 to peer 0x56208464e700 (30 bytes)
1752961193.899478 sending message 105 to peer 0x56208464e700 (33 bytes)
1752961193.899478 sending message 105 to peer 0x56208464e700 (17 bytes)
1752961193.899479 sending message 106 to peer 0x56208464e700 (0 bytes)
1752961193.899493 sending message 200 to peer 0x56208464e700 (4 bytes)
1752961193.899494 client loop enter
1752961193.899712 peer 0x56208464e700 message 303
1752961193.899716 open write file 2 -
1752961193.899719 sending message 305 to peer 0x56208464e700 (8 bytes)
1752961193.899724 write check file 2
1752961193.899810 peer 0x56208464e700 message 304
1752961193.899810 write 58 to file 2
1752961193.899812 peer 0x56208464e700 message 203
1752961193.899813 file 2 58 bytes left
1752961193.899818 write check file 2
1752961193.899819 client loop exit
