1762899553.003121 client started (24227): version 3.5a, socket /private/tmp/tmux-501/default, protocol 8
1762899553.003184 on Darwin 25.0.0 Darwin Kernel Version 25.0.0: Wed Sep 17 21:41:39 PDT 2025; root:xnu-12377.1.9~141/RELEASE_ARM64_T8103
1762899553.003197 using libevent 2.1.12-stable select
1762899553.003531 using utf8proc 2.11.0
1762899553.003552 using ncurses 6.5 20240427
1762899553.003575 flags are 0x10010000
1762899553.003583 socket is /private/tmp/tmux-501/default
1762899553.003599 trying connect
1762899553.003650 add peer 0xcb881c000: 6 (0x0)
1762899553.007054 sending message 111 to peer 0xcb881c000 (8 bytes)
1762899553.007072 sending message 111 to peer 0xcb881c000 (8 bytes)
1762899553.007082 sending message 101 to peer 0xcb881c000 (15 bytes)
1762899553.007090 sending message 109 to peer 0xcb881c000 (4 bytes)
1762899553.007097 sending message 102 to peer 0xcb881c000 (13 bytes)
1762899553.007105 sending message 108 to peer 0xcb881c000 (33 bytes)
1762899553.007112 sending message 112 to peer 0xcb881c000 (58 bytes)
1762899553.007120 sending message 112 to peer 0xcb881c000 (5 bytes)
1762899553.007128 sending message 112 to peer 0xcb881c000 (5 bytes)
1762899553.007140 sending message 112 to peer 0xcb881c000 (6 bytes)
1762899553.007148 sending message 112 to peer 0xcb881c000 (6 bytes)
1762899553.007155 sending message 112 to peer 0xcb881c000 (11 bytes)
1762899553.007162 sending message 112 to peer 0xcb881c000 (10 bytes)
1762899553.007169 sending message 112 to peer 0xcb881c000 (13 bytes)
1762899553.007176 sending message 112 to peer 0xcb881c000 (14 bytes)
1762899553.007183 sending message 112 to peer 0xcb881c000 (19 bytes)
1762899553.007190 sending message 112 to peer 0xcb881c000 (11 bytes)
1762899553.007197 sending message 112 to peer 0xcb881c000 (10 bytes)
1762899553.007204 sending message 112 to peer 0xcb881c000 (15 bytes)
1762899553.007211 sending message 112 to peer 0xcb881c000 (21 bytes)
1762899553.007218 sending message 112 to peer 0xcb881c000 (13 bytes)
1762899553.007225 sending message 112 to peer 0xcb881c000 (7 bytes)
1762899553.007232 sending message 112 to peer 0xcb881c000 (13 bytes)
1762899553.007239 sending message 112 to peer 0xcb881c000 (7 bytes)
1762899553.007246 sending message 112 to peer 0xcb881c000 (13 bytes)
1762899553.007253 sending message 112 to peer 0xcb881c000 (9 bytes)
1762899553.007260 sending message 112 to peer 0xcb881c000 (21 bytes)
1762899553.007267 sending message 112 to peer 0xcb881c000 (13 bytes)
1762899553.007274 sending message 112 to peer 0xcb881c000 (9 bytes)
1762899553.007281 sending message 112 to peer 0xcb881c000 (16 bytes)
1762899553.007288 sending message 112 to peer 0xcb881c000 (13 bytes)
1762899553.007294 sending message 112 to peer 0xcb881c000 (9 bytes)
1762899553.007302 sending message 112 to peer 0xcb881c000 (9 bytes)
1762899553.007308 sending message 112 to peer 0xcb881c000 (12 bytes)
1762899553.007315 sending message 112 to peer 0xcb881c000 (8 bytes)
1762899553.007322 sending message 112 to peer 0xcb881c000 (8 bytes)
1762899553.007329 sending message 112 to peer 0xcb881c000 (13 bytes)
1762899553.007336 sending message 112 to peer 0xcb881c000 (7 bytes)
1762899553.007343 sending message 112 to peer 0xcb881c000 (7 bytes)
1762899553.007350 sending message 112 to peer 0xcb881c000 (9 bytes)
1762899553.007357 sending message 112 to peer 0xcb881c000 (9 bytes)
1762899553.007364 sending message 112 to peer 0xcb881c000 (15 bytes)
1762899553.007371 sending message 112 to peer 0xcb881c000 (13 bytes)
1762899553.007378 sending message 112 to peer 0xcb881c000 (12 bytes)
1762899553.007385 sending message 112 to peer 0xcb881c000 (8 bytes)
1762899553.007392 sending message 112 to peer 0xcb881c000 (14 bytes)
1762899553.007398 sending message 112 to peer 0xcb881c000 (11 bytes)
1762899553.007405 sending message 112 to peer 0xcb881c000 (9 bytes)
1762899553.007412 sending message 112 to peer 0xcb881c000 (10 bytes)
1762899553.007419 sending message 112 to peer 0xcb881c000 (10 bytes)
1762899553.007426 sending message 112 to peer 0xcb881c000 (10 bytes)
1762899553.007433 sending message 112 to peer 0xcb881c000 (10 bytes)
1762899553.007452 sending message 112 to peer 0xcb881c000 (11 bytes)
1762899553.007458 sending message 112 to peer 0xcb881c000 (12 bytes)
1762899553.007463 sending message 112 to peer 0xcb881c000 (12 bytes)
1762899553.007469 sending message 112 to peer 0xcb881c000 (12 bytes)
1762899553.007474 sending message 112 to peer 0xcb881c000 (12 bytes)
1762899553.007483 sending message 112 to peer 0xcb881c000 (12 bytes)
1762899553.007489 sending message 112 to peer 0xcb881c000 (11 bytes)
1762899553.007494 sending message 112 to peer 0xcb881c000 (11 bytes)
1762899553.007500 sending message 112 to peer 0xcb881c000 (12 bytes)
1762899553.007505 sending message 112 to peer 0xcb881c000 (12 bytes)
1762899553.007510 sending message 112 to peer 0xcb881c000 (12 bytes)
1762899553.007516 sending message 112 to peer 0xcb881c000 (12 bytes)
1762899553.007521 sending message 112 to peer 0xcb881c000 (12 bytes)
1762899553.007526 sending message 112 to peer 0xcb881c000 (9 bytes)
1762899553.007532 sending message 112 to peer 0xcb881c000 (12 bytes)
1762899553.007537 sending message 112 to peer 0xcb881c000 (13 bytes)
1762899553.007542 sending message 112 to peer 0xcb881c000 (13 bytes)
1762899553.007547 sending message 112 to peer 0xcb881c000 (13 bytes)
1762899553.007553 sending message 112 to peer 0xcb881c000 (13 bytes)
1762899553.007558 sending message 112 to peer 0xcb881c000 (13 bytes)
1762899553.007563 sending message 112 to peer 0xcb881c000 (8 bytes)
1762899553.007568 sending message 112 to peer 0xcb881c000 (11 bytes)
1762899553.007574 sending message 112 to peer 0xcb881c000 (11 bytes)
1762899553.007579 sending message 112 to peer 0xcb881c000 (11 bytes)
1762899553.007584 sending message 112 to peer 0xcb881c000 (12 bytes)
1762899553.007589 sending message 112 to peer 0xcb881c000 (12 bytes)
1762899553.007594 sending message 112 to peer 0xcb881c000 (12 bytes)
1762899553.007600 sending message 112 to peer 0xcb881c000 (12 bytes)
1762899553.007605 sending message 112 to peer 0xcb881c000 (13 bytes)
1762899553.007610 sending message 112 to peer 0xcb881c000 (13 bytes)
1762899553.007615 sending message 112 to peer 0xcb881c000 (13 bytes)
1762899553.007621 sending message 112 to peer 0xcb881c000 (8 bytes)
1762899553.007626 sending message 112 to peer 0xcb881c000 (13 bytes)
1762899553.007631 sending message 112 to peer 0xcb881c000 (13 bytes)
1762899553.007636 sending message 112 to peer 0xcb881c000 (13 bytes)
1762899553.007641 sending message 112 to peer 0xcb881c000 (13 bytes)
1762899553.007647 sending message 112 to peer 0xcb881c000 (13 bytes)
1762899553.007652 sending message 112 to peer 0xcb881c000 (12 bytes)
1762899553.007657 sending message 112 to peer 0xcb881c000 (12 bytes)
1762899553.007662 sending message 112 to peer 0xcb881c000 (12 bytes)
1762899553.007667 sending message 112 to peer 0xcb881c000 (12 bytes)
1762899553.007673 sending message 112 to peer 0xcb881c000 (13 bytes)
1762899553.007678 sending message 112 to peer 0xcb881c000 (8 bytes)
1762899553.007683 sending message 112 to peer 0xcb881c000 (13 bytes)
1762899553.007688 sending message 112 to peer 0xcb881c000 (13 bytes)
1762899553.007693 sending message 112 to peer 0xcb881c000 (13 bytes)
1762899553.007699 sending message 112 to peer 0xcb881c000 (13 bytes)
1762899553.007704 sending message 112 to peer 0xcb881c000 (13 bytes)
1762899553.007709 sending message 112 to peer 0xcb881c000 (13 bytes)
1762899553.007714 sending message 112 to peer 0xcb881c000 (13 bytes)
1762899553.007719 sending message 112 to peer 0xcb881c000 (12 bytes)
1762899553.007724 sending message 112 to peer 0xcb881c000 (12 bytes)
1762899553.007730 sending message 112 to peer 0xcb881c000 (12 bytes)
1762899553.007735 sending message 112 to peer 0xcb881c000 (8 bytes)
1762899553.007742 sending message 112 to peer 0xcb881c000 (12 bytes)
1762899553.007747 sending message 112 to peer 0xcb881c000 (13 bytes)
1762899553.007753 sending message 112 to peer 0xcb881c000 (13 bytes)
1762899553.007758 sending message 112 to peer 0xcb881c000 (13 bytes)
1762899553.007763 sending message 112 to peer 0xcb881c000 (13 bytes)
1762899553.007777 sending message 112 to peer 0xcb881c000 (13 bytes)
1762899553.007782 sending message 112 to peer 0xcb881c000 (13 bytes)
1762899553.007788 sending message 112 to peer 0xcb881c000 (13 bytes)
1762899553.007793 sending message 112 to peer 0xcb881c000 (13 bytes)
1762899553.007798 sending message 112 to peer 0xcb881c000 (12 bytes)
1762899553.007804 sending message 112 to peer 0xcb881c000 (10 bytes)
1762899553.007809 sending message 112 to peer 0xcb881c000 (12 bytes)
1762899553.007814 sending message 112 to peer 0xcb881c000 (12 bytes)
1762899553.007819 sending message 112 to peer 0xcb881c000 (12 bytes)
1762899553.007824 sending message 112 to peer 0xcb881c000 (13 bytes)
1762899553.007829 sending message 112 to peer 0xcb881c000 (13 bytes)
1762899553.007835 sending message 112 to peer 0xcb881c000 (13 bytes)
1762899553.007840 sending message 112 to peer 0xcb881c000 (13 bytes)
1762899553.007845 sending message 112 to peer 0xcb881c000 (13 bytes)
1762899553.007850 sending message 112 to peer 0xcb881c000 (13 bytes)
1762899553.007855 sending message 112 to peer 0xcb881c000 (13 bytes)
1762899553.007861 sending message 112 to peer 0xcb881c000 (10 bytes)
1762899553.007866 sending message 112 to peer 0xcb881c000 (13 bytes)
1762899553.007871 sending message 112 to peer 0xcb881c000 (12 bytes)
1762899553.007876 sending message 112 to peer 0xcb881c000 (12 bytes)
1762899553.007881 sending message 112 to peer 0xcb881c000 (12 bytes)
1762899553.007886 sending message 112 to peer 0xcb881c000 (10 bytes)
1762899553.007892 sending message 112 to peer 0xcb881c000 (10 bytes)
1762899553.007897 sending message 112 to peer 0xcb881c000 (10 bytes)
1762899553.007902 sending message 112 to peer 0xcb881c000 (12 bytes)
1762899553.007907 sending message 112 to peer 0xcb881c000 (13 bytes)
1762899553.007912 sending message 112 to peer 0xcb881c000 (13 bytes)
1762899553.007918 sending message 112 to peer 0xcb881c000 (13 bytes)
1762899553.007923 sending message 112 to peer 0xcb881c000 (13 bytes)
1762899553.007928 sending message 112 to peer 0xcb881c000 (13 bytes)
1762899553.007933 sending message 112 to peer 0xcb881c000 (10 bytes)
1762899553.007938 sending message 112 to peer 0xcb881c000 (11 bytes)
1762899553.007944 sending message 112 to peer 0xcb881c000 (12 bytes)
1762899553.007949 sending message 112 to peer 0xcb881c000 (12 bytes)
1762899553.007954 sending message 112 to peer 0xcb881c000 (12 bytes)
1762899553.007959 sending message 112 to peer 0xcb881c000 (12 bytes)
1762899553.007964 sending message 112 to peer 0xcb881c000 (12 bytes)
1762899553.007970 sending message 112 to peer 0xcb881c000 (11 bytes)
1762899553.007975 sending message 112 to peer 0xcb881c000 (12 bytes)
1762899553.007980 sending message 112 to peer 0xcb881c000 (12 bytes)
1762899553.007985 sending message 112 to peer 0xcb881c000 (13 bytes)
1762899553.007990 sending message 112 to peer 0xcb881c000 (13 bytes)
1762899553.007996 sending message 112 to peer 0xcb881c000 (13 bytes)
1762899553.008001 sending message 112 to peer 0xcb881c000 (13 bytes)
1762899553.008006 sending message 112 to peer 0xcb881c000 (13 bytes)
1762899553.008012 sending message 112 to peer 0xcb881c000 (10 bytes)
1762899553.008017 sending message 112 to peer 0xcb881c000 (9 bytes)
1762899553.008023 sending message 112 to peer 0xcb881c000 (12 bytes)
1762899553.008028 sending message 112 to peer 0xcb881c000 (13 bytes)
1762899553.008033 sending message 112 to peer 0xcb881c000 (13 bytes)
1762899553.008039 sending message 112 to peer 0xcb881c000 (13 bytes)
1762899553.008044 sending message 112 to peer 0xcb881c000 (13 bytes)
1762899553.008049 sending message 112 to peer 0xcb881c000 (13 bytes)
1762899553.008054 sending message 112 to peer 0xcb881c000 (9 bytes)
1762899553.008059 sending message 112 to peer 0xcb881c000 (12 bytes)
1762899553.008065 sending message 112 to peer 0xcb881c000 (13 bytes)
1762899553.008070 sending message 112 to peer 0xcb881c000 (13 bytes)
1762899553.008075 sending message 112 to peer 0xcb881c000 (13 bytes)
1762899553.008080 sending message 112 to peer 0xcb881c000 (13 bytes)
1762899553.008085 sending message 112 to peer 0xcb881c000 (13 bytes)
1762899553.008097 sending message 112 to peer 0xcb881c000 (11 bytes)
1762899553.008103 sending message 112 to peer 0xcb881c000 (12 bytes)
1762899553.008108 sending message 112 to peer 0xcb881c000 (13 bytes)
1762899553.008113 sending message 112 to peer 0xcb881c000 (13 bytes)
1762899553.008118 sending message 112 to peer 0xcb881c000 (13 bytes)
1762899553.008124 sending message 112 to peer 0xcb881c000 (13 bytes)
1762899553.008129 sending message 112 to peer 0xcb881c000 (13 bytes)
1762899553.008134 sending message 112 to peer 0xcb881c000 (11 bytes)
1762899553.008139 sending message 112 to peer 0xcb881c000 (12 bytes)
1762899553.008153 sending message 112 to peer 0xcb881c000 (12 bytes)
1762899553.008158 sending message 112 to peer 0xcb881c000 (12 bytes)
1762899553.008169 sending message 112 to peer 0xcb881c000 (12 bytes)
1762899553.008174 sending message 112 to peer 0xcb881c000 (12 bytes)
1762899553.008179 sending message 112 to peer 0xcb881c000 (21 bytes)
1762899553.008185 sending message 112 to peer 0xcb881c000 (12 bytes)
1762899553.008190 sending message 112 to peer 0xcb881c000 (9 bytes)
1762899553.008195 sending message 112 to peer 0xcb881c000 (6 bytes)
1762899553.008200 sending message 112 to peer 0xcb881c000 (13 bytes)
1762899553.008206 sending message 112 to peer 0xcb881c000 (10 bytes)
1762899553.008211 sending message 112 to peer 0xcb881c000 (24 bytes)
1762899553.008216 sending message 112 to peer 0xcb881c000 (13 bytes)
1762899553.008221 sending message 112 to peer 0xcb881c000 (9 bytes)
1762899553.008227 sending message 112 to peer 0xcb881c000 (70 bytes)
1762899553.008232 sending message 112 to peer 0xcb881c000 (69 bytes)
1762899553.008237 sending message 112 to peer 0xcb881c000 (12 bytes)
1762899553.008243 sending message 112 to peer 0xcb881c000 (10 bytes)
1762899553.008248 sending message 112 to peer 0xcb881c000 (10 bytes)
1762899553.008253 sending message 112 to peer 0xcb881c000 (24 bytes)
1762899553.008258 sending message 112 to peer 0xcb881c000 (13 bytes)
1762899553.008263 sending message 112 to peer 0xcb881c000 (10 bytes)
1762899553.008269 sending message 112 to peer 0xcb881c000 (10 bytes)
1762899553.008274 sending message 112 to peer 0xcb881c000 (10 bytes)
1762899553.008279 sending message 112 to peer 0xcb881c000 (13 bytes)
1762899553.008284 sending message 112 to peer 0xcb881c000 (15 bytes)
1762899553.008290 sending message 112 to peer 0xcb881c000 (5 bytes)
1762899553.008296 sending message 104 to peer 0xcb881c000 (0 bytes)
1762899553.008302 sending message 110 to peer 0xcb881c000 (0 bytes)
1762899553.008308 sending message 107 to peer 0xcb881c000 (4 bytes)
1762899553.008313 sending message 105 to peer 0xcb881c000 (23 bytes)
1762899553.008318 sending message 105 to peer 0xcb881c000 (20 bytes)
1762899553.008324 sending message 105 to peer 0xcb881c000 (22 bytes)
1762899553.008329 sending message 105 to peer 0xcb881c000 (28 bytes)
1762899553.008335 sending message 105 to peer 0xcb881c000 (66 bytes)
1762899553.008340 sending message 105 to peer 0xcb881c000 (64 bytes)
1762899553.008345 sending message 105 to peer 0xcb881c000 (73 bytes)
1762899553.008351 sending message 105 to peer 0xcb881c000 (65 bytes)
1762899553.008356 sending message 105 to peer 0xcb881c000 (66 bytes)
1762899553.008361 sending message 105 to peer 0xcb881c000 (590 bytes)
1762899553.008367 sending message 105 to peer 0xcb881c000 (46 bytes)
1762899553.008372 sending message 105 to peer 0xcb881c000 (20 bytes)
1762899553.008378 sending message 105 to peer 0xcb881c000 (29 bytes)
1762899553.008383 sending message 105 to peer 0xcb881c000 (37 bytes)
1762899553.008388 sending message 105 to peer 0xcb881c000 (30 bytes)
1762899553.008394 sending message 105 to peer 0xcb881c000 (34 bytes)
1762899553.008399 sending message 105 to peer 0xcb881c000 (35 bytes)
1762899553.008404 sending message 105 to peer 0xcb881c000 (72 bytes)
1762899553.008409 sending message 105 to peer 0xcb881c000 (16 bytes)
1762899553.008415 sending message 105 to peer 0xcb881c000 (60 bytes)
1762899553.008420 sending message 105 to peer 0xcb881c000 (18 bytes)
1762899553.008436 sending message 105 to peer 0xcb881c000 (17 bytes)
1762899553.008442 sending message 105 to peer 0xcb881c000 (27 bytes)
1762899553.008447 sending message 105 to peer 0xcb881c000 (31 bytes)
1762899553.008453 sending message 105 to peer 0xcb881c000 (25 bytes)
1762899553.008458 sending message 105 to peer 0xcb881c000 (54 bytes)
1762899553.008464 sending message 105 to peer 0xcb881c000 (164 bytes)
1762899553.008469 sending message 105 to peer 0xcb881c000 (40 bytes)
1762899553.008475 sending message 105 to peer 0xcb881c000 (18 bytes)
1762899553.008480 sending message 105 to peer 0xcb881c000 (982 bytes)
1762899553.008486 sending message 105 to peer 0xcb881c000 (37 bytes)
1762899553.008491 sending message 105 to peer 0xcb881c000 (20 bytes)
1762899553.008496 sending message 105 to peer 0xcb881c000 (24 bytes)
1762899553.008502 sending message 105 to peer 0xcb881c000 (15 bytes)
1762899553.008507 sending message 105 to peer 0xcb881c000 (8 bytes)
1762899553.008512 sending message 105 to peer 0xcb881c000 (66 bytes)
1762899553.008518 sending message 105 to peer 0xcb881c000 (38 bytes)
1762899553.008523 sending message 105 to peer 0xcb881c000 (19 bytes)
1762899553.008528 sending message 105 to peer 0xcb881c000 (20 bytes)
1762899553.008533 sending message 105 to peer 0xcb881c000 (67 bytes)
1762899553.008539 sending message 105 to peer 0xcb881c000 (18 bytes)
1762899553.008544 sending message 105 to peer 0xcb881c000 (26 bytes)
1762899553.008550 sending message 105 to peer 0xcb881c000 (57 bytes)
1762899553.008555 sending message 105 to peer 0xcb881c000 (43 bytes)
1762899553.008560 sending message 105 to peer 0xcb881c000 (13 bytes)
1762899553.008565 sending message 105 to peer 0xcb881c000 (42 bytes)
1762899553.008571 sending message 105 to peer 0xcb881c000 (22 bytes)
1762899553.008576 sending message 105 to peer 0xcb881c000 (15 bytes)
1762899553.008581 sending message 105 to peer 0xcb881c000 (14 bytes)
1762899553.008587 sending message 105 to peer 0xcb881c000 (19 bytes)
1762899553.008592 sending message 105 to peer 0xcb881c000 (42 bytes)
1762899553.008598 sending message 105 to peer 0xcb881c000 (38 bytes)
1762899553.008603 sending message 105 to peer 0xcb881c000 (61 bytes)
1762899553.008608 sending message 105 to peer 0xcb881c000 (25 bytes)
1762899553.008613 sending message 106 to peer 0xcb881c000 (0 bytes)
1762899553.008719 sending message 200 to peer 0xcb881c000 (4 bytes)
1762899553.008728 client loop enter
1762899553.009053 peer 0xcb881c000 message 303
1762899553.009064 open write file 2 -
1762899553.009078 sending message 305 to peer 0xcb881c000 (8 bytes)
1762899553.009095 write check file 2
1762899553.009127 peer 0xcb881c000 message 304
1762899553.009134 write 58 to file 2
1762899553.009140 peer 0xcb881c000 message 203
1762899553.009146 file 2 58 bytes left
1762899553.009164 write check file 2
1762899553.009170 client loop exit
